2026-05-03T16:16:17Z | v7-reset | Step B+C structural commits | --no-verify authorized by user | archive/pre-v7-reset 71d5fa6e | Step B commit ae0a01f6
2026-05-04T11:21:04Z | material-phase1-scaffold | T1: Cargo deps + sim-core lib.rs material module — no feature logic, V7 init 742dd1c5 precedent | authorized by user | 77764531
2026-05-06T11:30:55Z|t6-6-material-loader|kwan hyeon (D-β3 채택)|T6.6 Material loader by_category dispatcher + sample granite.ron + integration tests; 71 tests pass + clippy clean; cold tier confirmed (sim-core data/test scope)
2026-05-06T11:34:04Z|t6-6-material-loader|kwan hyeon (D-β3 채택)|T6.6 Material loader by_category dispatcher + sample granite.ron + integration tests; 71 tests pass + clippy clean; cold tier confirmed (re-auth post Layer-2 hook fix 53b877d7)
2026-05-06T14:29:06Z|t6-1-stone-30-ron|kwan hyeon (T6.1 D-β3 + D22-A + D23-A 채택)|T6.1 Stone 30 RON files (29 new + granite from T6.6) — direct implementation, fixture-locked, DF wiki + material engineering reference values, Volcanic→Mountain (Q1 옵션 a), fracture_toughness 1000~1450 redistribution (옵션 c')
2026-05-07T00:01:37Z|t6-2-wood-25-ron|kwan hyeon (T6.2 D24-A + D25-A + Q4-A + T1.6 옵션 b 채택)|T6.2 Wood 25 RON files — direct implementation, oak fixture-locked, DF wiki + Janka hardness + material engineering, T6.1 패턴 일관
2026-05-07T01:51:43Z|t6-3-animal-20-ron|kwan hyeon (T6.3 D26-A + D27-A + Q5-1/Q5-2 옵션 a + T1.6 채택)|T6.3 Animal 20 RON files — direct implementation, DF wiki + 동물 자재공학 reference, feather Q5 boundary clamp (density 100 + thermal_conductivity 0.04), T6.1/T6.2 패턴 일관
2026-05-07T03:49:57Z|t6-4-mineral-15|kwan hyeon (T6.4 D28-A + D29-A + Q6 옵션 a 채택)|T6.4 Mineral 15 RON files — direct implementation, DF wiki + 광물 자재공학, silver_ore Q6 boundary clamp (thermal_conductivity 400), 9 일반 + 6 ore
2026-05-07T08:07:56Z|t6-5-plant-15|kwan hyeon (T6.5 D30-A + D31-A + Q7 옵션 a + T1.6 모두 Tier 0 채택)|T6.5 Plant 15 RON files — direct implementation, DF wiki + 식물 자재공학, straw Q7 boundary clamp (density 100), 🎯 Material RON 100/100 완성 milestone
2026-05-07T08:48:59Z|material_t6_7_harness_benchmarks|kwan hyeon (T6.7 D32-A 채택)|T6.7 8 harness tests + 4 criterion benchmarks for Material RON 105 — direct implementation, sim-core/tests/ + sim-core/benches/ + Cargo.toml workspace dep, T6.1~T6.5 audit chain 안정성 + performance 정량 검증
2026-05-07T15:44:10Z|T6.8-pre-fix|kwan hyeon (T6.8-pre-fix 옵션 1 채택, 3-line 종합 보강)|T6.8-pre-fix classifier governance gap 종합 정합화 (옵션 1) — Signal A tools/harness/ exempt 추가 + Signal B .ftl/.sh 추가, paradox 영구 해결 자가 검증 PASS, T6.8-pre 진입 위 사전 정합화
2026-05-07T15:59:03Z|T6.8-pre|kwan hyeon (T6.8-pre Path A' + Q17-A + γ + F.2.c 채택)|T6.8-pre fluent .ftl drift recovery — 3 layer infrastructure debt 정합화 (Path A' + Q17-A + γ + F.2.c): Layer 1 fluent drift + Layer 2 missing-fill 9 keys + Layer 3 duplicate 5 keys, classifier .ftl/.sh 인식 (T6.8-pre-fix ebb82a03 후 classifier patch 효과), T6.8 Material 진입 위 clean baseline
2026-05-08T04:59:56Z|t6-8-layer6-fix|kwan hyeon (T6.8-Layer6-fix 옵션 D 채택)|T6.8-Layer6-fix governance gap + tool patch — Layer 6 debt 정합화 (compile.py L567 removed_keys skip via active 차집합 + classifier ^tools/ general exempt + Signal B .py 추가), STRUCTURAL #10, T6.8 본 commit (#11) 진입 위 사전 정합화
2026-05-08T05:35:30Z|t6-8-material-locale-111|kwan hyeon (T6.8 D33-A 채택, Q18 옵션 a + γ + F.2.c + 옵션 D + 옵션 A + 한국어 6건 결정 모두 적용)|T6.8 Material Locale 111 keys (fluent .ftl canonical) — 105 materials × en/ko + 5 categories + 1 derived (CHARCOAL Q18 보존), MAT_* prefix 일관, 24 keys 마이그/제거 정합 (5 제거 + 4 마이그 + 18 보존 + 1 Q18), 옵션 A 흡수 (legacy JSON 5 keys 제거 — Layer 8), Material Phase 1 W1.1 완성, 8 layer infrastructure debt 종합 정합화
2026-05-08T15:46:46Z|t7-1-tile-grid-soa|kwan hyeon (T7.1 dispatch 2026-05-09)|Phase 1 prereq T7.1: TileGrid SoA module (sim-core cold tier, no GDScript, no RuntimeSystem). 11 unit tests, arrayvec dep added.
2026-05-08T15:47:33Z|t7-2-influence-channels|kwan hyeon (T7.2 dispatch 2026-05-09)|Phase 1 prereq T7.2: 8 InfluenceChannel enum + AggKind/UpdateTier/DecayKind/BlockingDerive/ChannelDef with serde. v0.1.1 ISSUE 6 (per-channel aggregation) wired. 9 unit tests including ron roundtrip.
2026-05-08T15:48:14Z|t7-3-influence-grid|kwan hyeon (T7.3 dispatch 2026-05-09)|Phase 1 prereq T7.3: InfluenceGrid 8-channel double-buffered SoA + DirtyRegion. v0.1.1 ISSUE 5 (no global source_templates HashMap). 8 unit tests including swap/clear/dirty-region tracking.
2026-05-08T15:49:12Z|t7-4-blocking-cache|kwan hyeon (T7.4 dispatch 2026-05-09)|Phase 1 prereq T7.4: MaterialBlockingCache (T6.6.2 warm_cache pattern, ~840 entries) + MaterialDef::influence_blocking method. v0.1.1 ISSUE 7 (passed by reference, no global static). 5 unit tests including registry-backed build.
2026-05-08T15:52:09Z|t7-5-propagate-primitives|kwanhyeonpark-ctrl|T7.5 propagation primitives (BFS/shadowcast/linear/social) — pure new module, no behaviour change to landed code; 13 unit tests added (101→114 sim-core lib); workspace clippy --all-targets clean; Phase 0 v0.1.1 ISSUE 3/4/6/7/9 + EC-2 wired with comments.
2026-05-08T16:53:17Z|t7-5-5-0-governance-v3-3-5|kwanhyeonpark|Cold-tier classifier v3.3.5: sim-engine added to Signal A whitelist (V7 multi-crate scaffold host); Signal D regex precision (drop fn tick( false-positive, sim-engine exempt as trait host). Regression: 10 prior STRUCTURAL commits (T6.1-T6.8 + T7.1-T7.5) re-classify clean.
2026-05-08T16:54:00Z|t7-5-5-a-sim-engine-scaffold|kwanhyeonpark|T7.5.5.A: sim-engine crate scaffold — RuntimeSystem trait + SimResources + SimEngine (priority-sorted system list, tick scheduling, current_tick advancement). Cold tier under v3.3.5: sim-engine whitelisted, Signal D infrastructure-exempt for the trait host crate. 6 unit tests with AtomicU32 Send-safe mock systems verify: construction, no-system tick stability, initial influence-grid zero state, single-system run, priority sort (lower-first), tick_interval skipping.
2026-05-09T06:08:03Z|t7-5-5-b-rubric-v3-3-6|kwanhyeon.park|Governance v3.3.6: sim-systems Signal A whitelist + .log Signal B (empty scaffold lane unblock)
2026-05-09T06:10:07Z|t7-5-5-b-sim-systems|kwanhyeon.park|T7.5.5.B sim-systems empty scaffold — Phase 2 RuntimeSystems home
2026-05-09T06:12:02Z|t7-5-5-c-sim-engine-integration|kwanhyeon.park|T7.5.5.C SimEngine integration tests — sim-core + sim-engine baseline (5 tests)
2026-05-09T11:00:38Z|t7-5-5-d-sim-test|kwanhyeonpark|Phase 0 v0.1.3 patch §4.4 — sim-test crate scaffold for T7.6 cross-crate harness tests
