[harness 17:20:07] ==========================================
[harness 17:20:07] Harness Pipeline v4 — t7-10-a-warmth-wiring
[harness 17:20:07] Mode: --quick
[harness 17:20:08] Prompt: .harness/prompts/t7-10-a-warmth-wiring.md
[harness 17:20:08] ==========================================
[harness 17:20:08] === Step 0: MECHANICAL GATE (0-token) ===

running 0 tests

test result: ok. 0 passed; 0 failed; 0 ignored; 0 measured; 0 filtered out; finished in 0.00s


running 114 tests
....................................................................................... 87/114
...........................
test result: ok. 114 passed; 0 failed; 0 ignored; 0 measured; 0 filtered out; finished in 0.00s


running 8 tests
........
test result: ok. 8 passed; 0 failed; 0 ignored; 0 measured; 0 filtered out; finished in 0.03s


running 22 tests
......................
test result: ok. 22 passed; 0 failed; 0 ignored; 0 measured; 0 filtered out; finished in 0.01s


running 6 tests
......
test result: ok. 6 passed; 0 failed; 0 ignored; 0 measured; 0 filtered out; finished in 0.00s


running 5 tests
.....
test result: ok. 5 passed; 0 failed; 0 ignored; 0 measured; 0 filtered out; finished in 0.00s


running 20 tests
....................
test result: ok. 20 passed; 0 failed; 0 ignored; 0 measured; 0 filtered out; finished in 0.00s


running 15 tests
...............
test result: ok. 15 passed; 0 failed; 0 ignored; 0 measured; 0 filtered out; finished in 0.00s


running 0 tests

test result: ok. 0 passed; 0 failed; 0 ignored; 0 measured; 0 filtered out; finished in 0.00s


running 13 tests
.............
test result: ok. 13 passed; 0 failed; 0 ignored; 0 measured; 0 filtered out; finished in 0.00s


running 18 tests
..................
test result: ok. 18 passed; 0 failed; 0 ignored; 0 measured; 0 filtered out; finished in 0.00s


running 13 tests
.............
test result: ok. 13 passed; 0 failed; 0 ignored; 0 measured; 0 filtered out; finished in 0.00s


running 21 tests
.....................
test result: ok. 21 passed; 0 failed; 0 ignored; 0 measured; 0 filtered out; finished in 0.00s


running 15 tests
...............
test result: ok. 15 passed; 0 failed; 0 ignored; 0 measured; 0 filtered out; finished in 0.00s


running 7 tests
.......
test result: ok. 7 passed; 0 failed; 0 ignored; 0 measured; 0 filtered out; finished in 0.00s


running 4 tests
....
test result: ok. 4 passed; 0 failed; 0 ignored; 0 measured; 0 filtered out; finished in 0.00s


running 0 tests

test result: ok. 0 passed; 0 failed; 0 ignored; 0 measured; 0 filtered out; finished in 0.00s


running 0 tests

test result: ok. 0 passed; 0 failed; 0 ignored; 0 measured; 0 filtered out; finished in 0.00s


running 0 tests

test result: ok. 0 passed; 0 failed; 0 ignored; 0 measured; 0 filtered out; finished in 0.00s


running 0 tests

test result: ok. 0 passed; 0 failed; 0 ignored; 0 measured; 0 filtered out; finished in 0.00s


running 0 tests

test result: ok. 0 passed; 0 failed; 0 ignored; 0 measured; 0 filtered out; finished in 0.00s

[harness 17:20:16] MECHANICAL GATE: cargo test — 0 failures vs baseline 27 → PASS
    Checking sim-systems v0.7.0 (/Users/rexxa/github/new-world-wt/lead/rust/crates/sim-systems)
    Checking sim-bridge v0.7.0 (/Users/rexxa/github/new-world-wt/lead/rust/crates/sim-bridge)
    Checking sim-test v0.7.0 (/Users/rexxa/github/new-world-wt/lead/rust/crates/sim-test)
    Finished `dev` profile [unoptimized + debuginfo] target(s) in 0.47s
[FFI Chain] SKIP: /Users/rexxa/github/new-world-wt/lead/scripts/core/simulation/sim_bridge.gd absent (V7 reset early phase)
[FFI Chain] Will auto-activate when GDScript proxy layer (Phase 3) lands
[harness 17:20:16] MECHANICAL GATE: PASS
[harness progress] 0 Mechanical Gate: DONE — cargo test + clippy + FFI check
[harness progress] 0b Locale Check: DONE — PASS (no critical issues)
[harness 17:20:16] === Step 1a: PLANNER (plan attempt 1) ===
[harness 17:20:16] Reusing existing plan_draft.md (resume mode)
[harness progress] 1a Drafter: DONE — Plan: 11 assertions — source_center_equals_initial_intensity,one_step_cardinal_decay,gradient_monotonically_decreasing_along_cardinal_axis,
[harness 17:20:16] Quick mode — skipping debate
[harness progress] 1b Challenger: SKIPPED — --quick mode (no debate needed)
[harness progress] 1c Revision: SKIPPED — --quick mode
[harness progress] 1d QC: SKIPPED — --quick mode
[harness 17:20:16] === Step 2: GENERATOR (code attempt 1) ===
[harness 17:20:16] Running Generator (isolated session, attempt 1, timeout 900s)...
