[harness 15:45:38] ==========================================
[harness 15:45:38] Harness Pipeline v4 — wildlife-threat-detection-and-flee-v1
[harness 15:45:38] Mode: --full
[harness 15:45:38] Prompt: .harness/prompts/wildlife-threat-detection-and-flee-v1.md
[harness 15:45:38] ==========================================
[harness 15:45:38] === Step 0: MECHANICAL GATE (0-token) ===

running 0 tests

test result: ok. 0 passed; 0 failed; 0 ignored; 0 measured; 0 filtered out; finished in 0.00s


running 0 tests

test result: ok. 0 passed; 0 failed; 0 ignored; 0 measured; 0 filtered out; finished in 0.00s


running 2 tests
ii
test result: ok. 0 passed; 0 failed; 2 ignored; 0 measured; 0 filtered out; finished in 0.00s


running 0 tests

test result: ok. 0 passed; 0 failed; 0 ignored; 0 measured; 0 filtered out; finished in 0.00s

    Finished `dev` profile [optimized + debuginfo] target(s) in 0.19s
FFI CHAIN: OK
[harness 15:58:11] MECHANICAL GATE: PASS
[harness progress] 0 Mechanical Gate: DONE — cargo test + clippy + FFI check
[harness 15:58:12] WARNING: Locale check found issues (code_not_fluent=2, json_not_fluent=14)
[harness progress] 0b Locale Check: DONE — WARN (code_missing=2, json_missing=14)
[harness 15:58:12] === Step 1a: PLANNER (plan attempt 1) ===
[harness 15:58:12] Running Planner agent...
[harness 15:59:32] Plan draft created: /Users/rexxa/github/new-world-wt/lead/.harness/plans/wildlife-threat-detection-and-flee-v1/plan_draft.md
[harness progress] 1a Drafter: DONE — Plan: 8 assertions — wildlife_emit_danger_into_grid,danger_intensity_ordering_by_kind,agent_safety_drops_below_natural_decay_when_near_wildlife,
[harness 15:59:32] === Plan debate round 1 / 2 ===
[harness 15:59:32] === Step 1b: CHALLENGER (round 1) ===
[harness 15:59:32] Running Challenger (isolated session, round 1)...
[harness 16:00:59] Challenge report: /Users/rexxa/github/new-world-wt/lead/.harness/plans/wildlife-threat-detection-and-flee-v1/challenge_report.md
[harness progress] 1b Challenger R1: DONE — Found 26 issues (9 gaming vectors). Top: - **[ISSUE] Assertion 1**: Threshold 0.30 is below the *sing
[harness 16:00:59] === Step 1c: DRAFTER REVISION ===
[harness 16:00:59] Running Drafter revision...
[harness 16:03:03] Revised plan: /Users/rexxa/github/new-world-wt/lead/.harness/plans/wildlife-threat-detection-and-flee-v1/plan_revised.md
[harness progress] 1c Revision: DONE — Revised plan incorporating challenger feedback
[harness 16:03:03] === Step 1d: QUALITY CHECKER (round 1) ===
[harness 16:03:03] Running Quality Checker (isolated session, round 1)...
[harness 16:04:21] Quality review: /Users/rexxa/github/new-world-wt/lead/.harness/plans/wildlife-threat-detection-and-flee-v1/quality_review_round1.md
[harness progress] 1d QC R1: DONE — Verdict: PLANAPPROVED. - A9 lower bound `max(10, floor(0.5 × observed))` could pass
[harness 16:04:21] PLAN APPROVED by Quality Checker
[harness 16:04:21] Plan approved after 1 debate round(s)
[harness 16:04:21] === Step 2: GENERATOR (code attempt 1) ===
[harness 16:04:21] Running Generator (isolated session, attempt 1, timeout 900s)...
