[harness 23:15:48] ==========================================
[harness 23:15:48] Harness Pipeline v4 — wildlife-entity-and-spawn-v1
[harness 23:15:48] Mode: --full
[harness 23:15:48] Prompt: .harness/prompts/wildlife-entity-and-spawn-v1.md
[harness 23:15:48] ==========================================
[harness 23:15:48] === Step 0: MECHANICAL GATE (0-token) ===

running 0 tests

test result: ok. 0 passed; 0 failed; 0 ignored; 0 measured; 0 filtered out; finished in 0.00s


running 0 tests

test result: ok. 0 passed; 0 failed; 0 ignored; 0 measured; 0 filtered out; finished in 0.00s


running 2 tests
ii
test result: ok. 0 passed; 0 failed; 2 ignored; 0 measured; 0 filtered out; finished in 0.00s


running 0 tests

test result: ok. 0 passed; 0 failed; 0 ignored; 0 measured; 0 filtered out; finished in 0.00s

    Checking sim-test v0.1.0 (/Users/rexxa/github/new-world-wt/lead/rust/crates/sim-test)
    Finished `dev` profile [optimized + debuginfo] target(s) in 1.02s
FFI CHAIN: OK
[harness 23:21:34] MECHANICAL GATE: PASS
[harness progress] 0 Mechanical Gate: DONE — cargo test + clippy + FFI check
[harness 23:21:35] WARNING: Locale check found issues (code_not_fluent=2, json_not_fluent=14)
[harness progress] 0b Locale Check: DONE — WARN (code_missing=2, json_missing=14)
[harness 23:21:35] === Step 1a: PLANNER (plan attempt 1) ===
[harness 23:21:35] Running Planner agent...
[harness 23:28:20] Plan draft created: /Users/rexxa/github/new-world-wt/lead/.harness/plans/wildlife-entity-and-spawn-v1/plan_draft.md
[harness progress] 1a Drafter: DONE — Plan: 12 assertions — total_wildlife_count_exact_at_spawn,species_distribution_exact,full_hp_at_spawn,
[harness 23:28:20] === Plan debate round 1 / 2 ===
[harness 23:28:20] === Step 1b: CHALLENGER (round 1) ===
[harness 23:28:21] Running Challenger (isolated session, round 1)...
[harness 23:32:05] Challenge report: /Users/rexxa/github/new-world-wt/lead/.harness/plans/wildlife-entity-and-spawn-v1/challenge_report.md
[harness progress] 1b Challenger R1: DONE — Found 23 issues (5 gaming vectors). Top: - [ISSUE] **Assertion 1**: The `== 7` threshold at tick 2 re
[harness 23:32:05] === Step 1c: DRAFTER REVISION ===
[harness 23:32:05] Running Drafter revision...
[harness 23:39:05] Revised plan: /Users/rexxa/github/new-world-wt/lead/.harness/plans/wildlife-entity-and-spawn-v1/plan_revised.md
[harness progress] 1c Revision: DONE — Revised plan incorporating challenger feedback
[harness 23:39:05] === Step 1d: QUALITY CHECKER (round 1) ===
[harness 23:39:05] Running Quality Checker (isolated session, round 1)...
[harness 23:42:39] Quality review: /Users/rexxa/github/new-world-wt/lead/.harness/plans/wildlife-entity-and-spawn-v1/quality_review_round1.md
[harness progress] 1d QC R1: DONE — Verdict: PLANAPPROVED.   Evidence: Assertion 10 rationale now reads: "P(a single en
[harness 23:42:39] PLAN APPROVED by Quality Checker
[harness 23:42:39] Plan approved after 1 debate round(s)
[harness 23:42:39] === Step 2: GENERATOR (code attempt 1) ===
[harness 23:42:39] Running Generator (isolated session, attempt 1, timeout 900s)...
